{
	"message": "Cannot find module './controller/category'",
	"stack": [
		{
			"time": "Fri, 19 Apr 2013 06:25:44 GMT",
			"file": "module.js",
			"line": 338,
			"column": 15,
			"func": "Module._resolveFilename"
		},
		{
			"time": "Fri, 19 Apr 2013 06:25:44 GMT",
			"file": "module.js",
			"line": 280,
			"column": 25,
			"func": "Module._load"
		},
		{
			"time": "Fri, 19 Apr 2013 06:25:44 GMT",
			"file": "module.js",
			"line": 362,
			"column": 17,
			"func": "Module.require"
		},
		{
			"time": "Fri, 19 Apr 2013 06:25:44 GMT",
			"file": "module.js",
			"line": 378,
			"column": 17,
			"func": "require"
		},
		{
			"time": "Fri, 19 Apr 2013 06:25:44 GMT",
			"file": "/home/ismax/model.store/hosts/panel/index.js",
			"line": 21,
			"column": 17,
			"func": null
		}
	]
}
{
	"message": "Object #<Object> has no method 'insertCategory'",
	"stack": [
		{
			"time": "Fri, 19 Apr 2013 06:29:56 GMT",
			"file": "/home/ismax/model.store/hosts/panel/controller/category.js",
			"line": 26,
			"column": 11,
			"func": "exports.insert"
		},
		{
			"time": "Fri, 19 Apr 2013 06:29:56 GMT",
			"file": "/home/ismax/model.store/server/router.js",
			"line": 106,
			"column": 23,
			"func": "next"
		},
		{
			"time": "Fri, 19 Apr 2013 06:29:56 GMT",
			"file": "/home/ismax/model.store/server/router.js",
			"line": 107,
			"column": 13,
			"func": "router.route.file.cache"
		},
		{
			"time": "Fri, 19 Apr 2013 06:29:56 GMT",
			"file": "/home/ismax/model.store/hosts/panel/controller/secure.js",
			"line": 145,
			"column": 7,
			"func": "exports.auth"
		},
		{
			"time": "Fri, 19 Apr 2013 06:29:56 GMT",
			"file": "/home/ismax/model.store/hosts/panel/model/secure.js",
			"line": 32,
			"column": 9,
			"func": "exports.getUserBySession"
		}
	]
}
{
	"message": "Argument passed in must be a single String of 12 bytes or a string of 24 hex characters",
	"stack": [
		{
			"time": "Fri, 19 Apr 2013 08:17:53 GMT",
			"file": "/home/ismax/model.store/node_modules/mongodb/node_modules/bson/lib/bson/objectid.js",
			"line": 33,
			"column": 11,
			"func": "ObjectID"
		},
		{
			"time": "Fri, 19 Apr 2013 08:17:53 GMT",
			"file": "/home/ismax/model.store/hosts/panel/model/category.js",
			"line": 19,
			"column": 58,
			"func": "exports.getCategoryList"
		},
		{
			"time": "Fri, 19 Apr 2013 08:17:53 GMT",
			"file": "/home/ismax/model.store/hosts/panel/controller/category.js",
			"line": 26,
			"column": 9,
			"func": "exports.list"
		},
		{
			"time": "Fri, 19 Apr 2013 08:17:53 GMT",
			"file": "/home/ismax/model.store/server/router.js",
			"line": 106,
			"column": 23,
			"func": "next"
		},
		{
			"time": "Fri, 19 Apr 2013 08:17:53 GMT",
			"file": "/home/ismax/model.store/server/router.js",
			"line": 107,
			"column": 13,
			"func": "router.route.file.cache"
		}
	]
}
{
	"message": "Argument passed in must be a single String of 12 bytes or a string of 24 hex characters",
	"stack": [
		{
			"time": "Fri, 19 Apr 2013 08:18:50 GMT",
			"file": "/home/ismax/model.store/node_modules/mongodb/node_modules/bson/lib/bson/objectid.js",
			"line": 33,
			"column": 11,
			"func": "ObjectID"
		},
		{
			"time": "Fri, 19 Apr 2013 08:18:50 GMT",
			"file": "/home/ismax/model.store/hosts/panel/model/category.js",
			"line": 20,
			"column": 58,
			"func": "exports.getCategoryList"
		},
		{
			"time": "Fri, 19 Apr 2013 08:18:50 GMT",
			"file": "/home/ismax/model.store/hosts/panel/controller/category.js",
			"line": 26,
			"column": 9,
			"func": "exports.list"
		},
		{
			"time": "Fri, 19 Apr 2013 08:18:50 GMT",
			"file": "/home/ismax/model.store/server/router.js",
			"line": 106,
			"column": 23,
			"func": "next"
		},
		{
			"time": "Fri, 19 Apr 2013 08:18:50 GMT",
			"file": "/home/ismax/model.store/server/router.js",
			"line": 107,
			"column": 13,
			"func": "router.route.file.cache"
		}
	]
}
{
	"message": "category is not defined",
	"stack": [
		{
			"time": "Fri, 19 Apr 2013 09:23:31 GMT",
			"file": "/home/ismax/model.store/hosts/panel/model/category.js",
			"line": 66,
			"column": 10,
			"func": "exports.insertCategory"
		},
		{
			"time": "Fri, 19 Apr 2013 09:23:31 GMT",
			"file": "domain.js",
			"line": 201,
			"column": 18,
			"func": "Domain.bind.b"
		},
		{
			"time": "Fri, 19 Apr 2013 09:23:31 GMT",
			"file": "/home/ismax/model.store/node_modules/mongodb/lib/mongodb/collection.js",
			"line": 1010,
			"column": 5,
			"func": "Collection.findOne"
		},
		{
			"time": "Fri, 19 Apr 2013 09:23:31 GMT",
			"file": "/home/ismax/model.store/node_modules/mongodb/lib/mongodb/cursor.js",
			"line": 653,
			"column": 5,
			"func": "Cursor.nextObject"
		},
		{
			"time": "Fri, 19 Apr 2013 09:23:31 GMT",
			"file": "/home/ismax/model.store/node_modules/mongodb/lib/mongodb/cursor.js",
			"line": 635,
			"column": 14,
			"func": "Cursor.nextObject.commandHandler"
		}
	]
}
{
	"message": "Unexpected token {",
	"stack": [
		{
			"time": "Fri, 19 Apr 2013 17:37:18 GMT",
			"file": "module.js",
			"line": 437,
			"column": 25,
			"func": "Module._compile"
		},
		{
			"time": "Fri, 19 Apr 2013 17:37:18 GMT",
			"file": "module.js",
			"line": 467,
			"column": 10,
			"func": "Module._extensions..js"
		},
		{
			"time": "Fri, 19 Apr 2013 17:37:18 GMT",
			"file": "module.js",
			"line": 356,
			"column": 32,
			"func": "Module.load"
		},
		{
			"time": "Fri, 19 Apr 2013 17:37:18 GMT",
			"file": "module.js",
			"line": 312,
			"column": 12,
			"func": "Module._load"
		},
		{
			"time": "Fri, 19 Apr 2013 17:37:18 GMT",
			"file": "module.js",
			"line": 362,
			"column": 17,
			"func": "Module.require"
		}
	]
}
{
	"message": "Cannot use a writeConcern without a provided callback",
	"stack": [
		{
			"time": "Fri, 19 Apr 2013 18:47:27 GMT",
			"file": "/home/ismax/model.store/node_modules/mongodb/lib/mongodb/collection.js",
			"line": 200,
			"column": 11,
			"func": "remove"
		},
		{
			"time": "Fri, 19 Apr 2013 18:47:27 GMT",
			"file": "/home/ismax/model.store/hosts/panel/model/category.js",
			"line": 105,
			"column": 16,
			"func": "exports.removeCategory"
		},
		{
			"time": "Fri, 19 Apr 2013 18:47:27 GMT",
			"file": "domain.js",
			"line": 201,
			"column": 18,
			"func": "Domain.bind.b"
		},
		{
			"time": "Fri, 19 Apr 2013 18:47:27 GMT",
			"file": "/home/ismax/model.store/node_modules/mongodb/lib/mongodb/db.js",
			"line": 484,
			"column": 44,
			"func": "Db.collection"
		},
		{
			"time": "Fri, 19 Apr 2013 18:47:27 GMT",
			"file": "/home/ismax/model.store/hosts/panel/model/category.js",
			"line": 99,
			"column": 12,
			"func": "exports.removeCategory"
		}
	]
}
{
	"message": "My error",
	"stack": [
		{
			"time": "Sat, 20 Apr 2013 10:04:57 GMT",
			"file": "/home/ismax/model.store/hosts/panel/controller/category.js",
			"line": 43,
			"column": 7,
			"func": "exports.insert"
		},
		{
			"time": "Sat, 20 Apr 2013 10:04:57 GMT",
			"file": "/home/ismax/model.store/server/router.js",
			"line": 106,
			"column": 23,
			"func": "next"
		},
		{
			"time": "Sat, 20 Apr 2013 10:04:57 GMT",
			"file": "/home/ismax/model.store/server/router.js",
			"line": 107,
			"column": 13,
			"func": "router.route.file.cache"
		},
		{
			"time": "Sat, 20 Apr 2013 10:04:57 GMT",
			"file": "/home/ismax/model.store/hosts/panel/controller/secure.js",
			"line": 145,
			"column": 7,
			"func": "exports.auth"
		},
		{
			"time": "Sat, 20 Apr 2013 10:04:57 GMT",
			"file": "/home/ismax/model.store/hosts/panel/model/secure.js",
			"line": 32,
			"column": 9,
			"func": "exports.getUserBySession"
		}
	]
}
{
	"message": "My error",
	"stack": [
		{
			"time": "Sat, 20 Apr 2013 10:05:50 GMT",
			"file": "/home/ismax/model.store/hosts/panel/controller/category.js",
			"line": 43,
			"column": 7,
			"func": "exports.insert"
		},
		{
			"time": "Sat, 20 Apr 2013 10:05:50 GMT",
			"file": "/home/ismax/model.store/server/router.js",
			"line": 106,
			"column": 23,
			"func": "next"
		},
		{
			"time": "Sat, 20 Apr 2013 10:05:50 GMT",
			"file": "/home/ismax/model.store/server/router.js",
			"line": 107,
			"column": 13,
			"func": "router.route.file.cache"
		},
		{
			"time": "Sat, 20 Apr 2013 10:05:50 GMT",
			"file": "/home/ismax/model.store/hosts/panel/controller/secure.js",
			"line": 145,
			"column": 7,
			"func": "exports.auth"
		},
		{
			"time": "Sat, 20 Apr 2013 10:05:50 GMT",
			"file": "/home/ismax/model.store/hosts/panel/model/secure.js",
			"line": 32,
			"column": 9,
			"func": "exports.getUserBySession"
		}
	]
}
{
	"message": "My error",
	"stack": [
		{
			"time": "Sat, 20 Apr 2013 11:16:14 GMT",
			"file": "/home/ismax/model.store/hosts/panel/controller/category.js",
			"line": 43,
			"column": 7,
			"func": "exports.insert"
		},
		{
			"time": "Sat, 20 Apr 2013 11:16:14 GMT",
			"file": "/home/ismax/model.store/server/router.js",
			"line": 106,
			"column": 23,
			"func": "next"
		},
		{
			"time": "Sat, 20 Apr 2013 11:16:14 GMT",
			"file": "/home/ismax/model.store/server/router.js",
			"line": 107,
			"column": 13,
			"func": "router.route.file.cache"
		},
		{
			"time": "Sat, 20 Apr 2013 11:16:14 GMT",
			"file": "/home/ismax/model.store/hosts/panel/controller/secure.js",
			"line": 145,
			"column": 7,
			"func": "exports.auth"
		},
		{
			"time": "Sat, 20 Apr 2013 11:16:14 GMT",
			"file": "/home/ismax/model.store/hosts/panel/model/secure.js",
			"line": 32,
			"column": 9,
			"func": "exports.getUserBySession"
		}
	]
}
{
	"message": "My error",
	"stack": [
		{
			"time": "Sat, 20 Apr 2013 11:19:46 GMT",
			"file": "/home/ismax/model.store/hosts/panel/controller/category.js",
			"line": 43,
			"column": 7,
			"func": "exports.insert"
		},
		{
			"time": "Sat, 20 Apr 2013 11:19:46 GMT",
			"file": "/home/ismax/model.store/server/router.js",
			"line": 106,
			"column": 23,
			"func": "next"
		},
		{
			"time": "Sat, 20 Apr 2013 11:19:46 GMT",
			"file": "/home/ismax/model.store/server/router.js",
			"line": 107,
			"column": 13,
			"func": "router.route.file.cache"
		},
		{
			"time": "Sat, 20 Apr 2013 11:19:46 GMT",
			"file": "/home/ismax/model.store/hosts/panel/controller/secure.js",
			"line": 145,
			"column": 7,
			"func": "exports.auth"
		},
		{
			"time": "Sat, 20 Apr 2013 11:19:46 GMT",
			"file": "/home/ismax/model.store/hosts/panel/model/secure.js",
			"line": 32,
			"column": 9,
			"func": "exports.getUserBySession"
		}
	]
}
{
	"message": "My error",
	"stack": [
		{
			"time": "Sat, 20 Apr 2013 11:26:31 GMT",
			"file": "/home/ismax/model.store/hosts/panel/controller/category.js",
			"line": 43,
			"column": 7,
			"func": "exports.insert"
		},
		{
			"time": "Sat, 20 Apr 2013 11:26:31 GMT",
			"file": "/home/ismax/model.store/server/router.js",
			"line": 106,
			"column": 23,
			"func": "next"
		},
		{
			"time": "Sat, 20 Apr 2013 11:26:31 GMT",
			"file": "/home/ismax/model.store/server/router.js",
			"line": 107,
			"column": 13,
			"func": "router.route.file.cache"
		},
		{
			"time": "Sat, 20 Apr 2013 11:26:31 GMT",
			"file": "/home/ismax/model.store/hosts/panel/controller/secure.js",
			"line": 145,
			"column": 7,
			"func": "exports.auth"
		},
		{
			"time": "Sat, 20 Apr 2013 11:26:31 GMT",
			"file": "/home/ismax/model.store/hosts/panel/model/secure.js",
			"line": 32,
			"column": 9,
			"func": "exports.getUserBySession"
		}
	]
}
{
	"message": "My error",
	"stack": [
		{
			"time": "Sat, 20 Apr 2013 11:26:35 GMT",
			"file": "/home/ismax/model.store/hosts/panel/controller/category.js",
			"line": 43,
			"column": 7,
			"func": "exports.insert"
		},
		{
			"time": "Sat, 20 Apr 2013 11:26:35 GMT",
			"file": "/home/ismax/model.store/server/router.js",
			"line": 106,
			"column": 23,
			"func": "next"
		},
		{
			"time": "Sat, 20 Apr 2013 11:26:35 GMT",
			"file": "/home/ismax/model.store/server/router.js",
			"line": 107,
			"column": 13,
			"func": "router.route.file.cache"
		},
		{
			"time": "Sat, 20 Apr 2013 11:26:35 GMT",
			"file": "/home/ismax/model.store/hosts/panel/controller/secure.js",
			"line": 145,
			"column": 7,
			"func": "exports.auth"
		},
		{
			"time": "Sat, 20 Apr 2013 11:26:35 GMT",
			"file": "/home/ismax/model.store/hosts/panel/model/secure.js",
			"line": 32,
			"column": 9,
			"func": "exports.getUserBySession"
		}
	]
}
{
	"message": "My error",
	"stack": [
		{
			"time": "Sat, 20 Apr 2013 11:26:38 GMT",
			"file": "/home/ismax/model.store/hosts/panel/controller/category.js",
			"line": 43,
			"column": 7,
			"func": "exports.insert"
		},
		{
			"time": "Sat, 20 Apr 2013 11:26:38 GMT",
			"file": "/home/ismax/model.store/server/router.js",
			"line": 106,
			"column": 23,
			"func": "next"
		},
		{
			"time": "Sat, 20 Apr 2013 11:26:38 GMT",
			"file": "/home/ismax/model.store/server/router.js",
			"line": 107,
			"column": 13,
			"func": "router.route.file.cache"
		},
		{
			"time": "Sat, 20 Apr 2013 11:26:38 GMT",
			"file": "/home/ismax/model.store/hosts/panel/controller/secure.js",
			"line": 145,
			"column": 7,
			"func": "exports.auth"
		},
		{
			"time": "Sat, 20 Apr 2013 11:26:38 GMT",
			"file": "/home/ismax/model.store/hosts/panel/model/secure.js",
			"line": 32,
			"column": 9,
			"func": "exports.getUserBySession"
		}
	]
}
{
	"message": "My error",
	"stack": [
		{
			"time": "Sat, 20 Apr 2013 11:26:42 GMT",
			"file": "/home/ismax/model.store/hosts/panel/controller/category.js",
			"line": 43,
			"column": 7,
			"func": "exports.insert"
		},
		{
			"time": "Sat, 20 Apr 2013 11:26:42 GMT",
			"file": "/home/ismax/model.store/server/router.js",
			"line": 106,
			"column": 23,
			"func": "next"
		},
		{
			"time": "Sat, 20 Apr 2013 11:26:42 GMT",
			"file": "/home/ismax/model.store/server/router.js",
			"line": 107,
			"column": 13,
			"func": "router.route.file.cache"
		},
		{
			"time": "Sat, 20 Apr 2013 11:26:42 GMT",
			"file": "/home/ismax/model.store/hosts/panel/controller/secure.js",
			"line": 145,
			"column": 7,
			"func": "exports.auth"
		},
		{
			"time": "Sat, 20 Apr 2013 11:26:42 GMT",
			"file": "/home/ismax/model.store/hosts/panel/model/secure.js",
			"line": 32,
			"column": 9,
			"func": "exports.getUserBySession"
		}
	]
}
{
	"message": "My error",
	"stack": [
		{
			"time": "Sat, 20 Apr 2013 13:13:54 GMT",
			"file": "/home/ismax/model.store/hosts/panel/controller/category.js",
			"line": 43,
			"column": 7,
			"func": "exports.insert"
		},
		{
			"time": "Sat, 20 Apr 2013 13:13:54 GMT",
			"file": "/home/ismax/model.store/server/router.js",
			"line": 106,
			"column": 23,
			"func": "next"
		},
		{
			"time": "Sat, 20 Apr 2013 13:13:54 GMT",
			"file": "/home/ismax/model.store/server/router.js",
			"line": 107,
			"column": 13,
			"func": "router.route.file.cache"
		},
		{
			"time": "Sat, 20 Apr 2013 13:13:54 GMT",
			"file": "/home/ismax/model.store/hosts/panel/controller/secure.js",
			"line": 145,
			"column": 7,
			"func": "exports.auth"
		},
		{
			"time": "Sat, 20 Apr 2013 13:13:54 GMT",
			"file": "/home/ismax/model.store/hosts/panel/model/secure.js",
			"line": 32,
			"column": 9,
			"func": "exports.getUserBySession"
		}
	]
}
{
	"message": "My error",
	"stack": [
		{
			"time": "Sat, 20 Apr 2013 13:14:00 GMT",
			"file": "/home/ismax/model.store/hosts/panel/controller/category.js",
			"line": 43,
			"column": 7,
			"func": "exports.insert"
		},
		{
			"time": "Sat, 20 Apr 2013 13:14:00 GMT",
			"file": "/home/ismax/model.store/server/router.js",
			"line": 106,
			"column": 23,
			"func": "next"
		},
		{
			"time": "Sat, 20 Apr 2013 13:14:00 GMT",
			"file": "/home/ismax/model.store/server/router.js",
			"line": 107,
			"column": 13,
			"func": "router.route.file.cache"
		},
		{
			"time": "Sat, 20 Apr 2013 13:14:00 GMT",
			"file": "/home/ismax/model.store/hosts/panel/controller/secure.js",
			"line": 145,
			"column": 7,
			"func": "exports.auth"
		},
		{
			"time": "Sat, 20 Apr 2013 13:14:00 GMT",
			"file": "/home/ismax/model.store/hosts/panel/model/secure.js",
			"line": 32,
			"column": 9,
			"func": "exports.getUserBySession"
		}
	]
}
{
	"message": "My error",
	"stack": [
		{
			"time": "Sat, 20 Apr 2013 13:14:53 GMT",
			"file": "/home/ismax/model.store/hosts/panel/controller/category.js",
			"line": 43,
			"column": 7,
			"func": "exports.insert"
		},
		{
			"time": "Sat, 20 Apr 2013 13:14:53 GMT",
			"file": "/home/ismax/model.store/server/router.js",
			"line": 106,
			"column": 23,
			"func": "next"
		},
		{
			"time": "Sat, 20 Apr 2013 13:14:53 GMT",
			"file": "/home/ismax/model.store/server/router.js",
			"line": 107,
			"column": 13,
			"func": "router.route.file.cache"
		},
		{
			"time": "Sat, 20 Apr 2013 13:14:53 GMT",
			"file": "/home/ismax/model.store/hosts/panel/controller/secure.js",
			"line": 145,
			"column": 7,
			"func": "exports.auth"
		},
		{
			"time": "Sat, 20 Apr 2013 13:14:53 GMT",
			"file": "/home/ismax/model.store/hosts/panel/model/secure.js",
			"line": 32,
			"column": 9,
			"func": "exports.getUserBySession"
		}
	]
}
{
	"message": "My error",
	"stack": [
		{
			"time": "Sat, 20 Apr 2013 13:22:17 GMT",
			"file": "/home/ismax/model.store/hosts/panel/controller/category.js",
			"line": 43,
			"column": 7,
			"func": "exports.insert"
		},
		{
			"time": "Sat, 20 Apr 2013 13:22:17 GMT",
			"file": "/home/ismax/model.store/server/router.js",
			"line": 106,
			"column": 23,
			"func": "next"
		},
		{
			"time": "Sat, 20 Apr 2013 13:22:17 GMT",
			"file": "/home/ismax/model.store/server/router.js",
			"line": 107,
			"column": 13,
			"func": "router.route.file.cache"
		},
		{
			"time": "Sat, 20 Apr 2013 13:22:17 GMT",
			"file": "/home/ismax/model.store/hosts/panel/controller/secure.js",
			"line": 145,
			"column": 7,
			"func": "exports.auth"
		},
		{
			"time": "Sat, 20 Apr 2013 13:22:17 GMT",
			"file": "/home/ismax/model.store/hosts/panel/model/secure.js",
			"line": 32,
			"column": 9,
			"func": "exports.getUserBySession"
		}
	]
}
{
	"message": "My error",
	"stack": [
		{
			"time": "Sat, 20 Apr 2013 13:22:32 GMT",
			"file": "/home/ismax/model.store/hosts/panel/controller/category.js",
			"line": 43,
			"column": 7,
			"func": "exports.insert"
		},
		{
			"time": "Sat, 20 Apr 2013 13:22:32 GMT",
			"file": "/home/ismax/model.store/server/router.js",
			"line": 106,
			"column": 23,
			"func": "next"
		},
		{
			"time": "Sat, 20 Apr 2013 13:22:32 GMT",
			"file": "/home/ismax/model.store/server/router.js",
			"line": 107,
			"column": 13,
			"func": "router.route.file.cache"
		},
		{
			"time": "Sat, 20 Apr 2013 13:22:32 GMT",
			"file": "/home/ismax/model.store/hosts/panel/controller/secure.js",
			"line": 145,
			"column": 7,
			"func": "exports.auth"
		},
		{
			"time": "Sat, 20 Apr 2013 13:22:32 GMT",
			"file": "/home/ismax/model.store/hosts/panel/model/secure.js",
			"line": 32,
			"column": 9,
			"func": "exports.getUserBySession"
		}
	]
}
{
	"message": "My error",
	"stack": [
		{
			"time": "Sat, 20 Apr 2013 13:22:39 GMT",
			"file": "/home/ismax/model.store/hosts/panel/controller/category.js",
			"line": 43,
			"column": 7,
			"func": "exports.insert"
		},
		{
			"time": "Sat, 20 Apr 2013 13:22:39 GMT",
			"file": "/home/ismax/model.store/server/router.js",
			"line": 106,
			"column": 23,
			"func": "next"
		},
		{
			"time": "Sat, 20 Apr 2013 13:22:39 GMT",
			"file": "/home/ismax/model.store/server/router.js",
			"line": 107,
			"column": 13,
			"func": "router.route.file.cache"
		},
		{
			"time": "Sat, 20 Apr 2013 13:22:39 GMT",
			"file": "/home/ismax/model.store/hosts/panel/controller/secure.js",
			"line": 145,
			"column": 7,
			"func": "exports.auth"
		},
		{
			"time": "Sat, 20 Apr 2013 13:22:39 GMT",
			"file": "/home/ismax/model.store/hosts/panel/model/secure.js",
			"line": 32,
			"column": 9,
			"func": "exports.getUserBySession"
		}
	]
}
{
	"message": "My error",
	"stack": [
		{
			"time": "Sat, 20 Apr 2013 13:22:45 GMT",
			"file": "/home/ismax/model.store/hosts/panel/controller/category.js",
			"line": 43,
			"column": 7,
			"func": "exports.insert"
		},
		{
			"time": "Sat, 20 Apr 2013 13:22:45 GMT",
			"file": "/home/ismax/model.store/server/router.js",
			"line": 106,
			"column": 23,
			"func": "next"
		},
		{
			"time": "Sat, 20 Apr 2013 13:22:45 GMT",
			"file": "/home/ismax/model.store/server/router.js",
			"line": 107,
			"column": 13,
			"func": "router.route.file.cache"
		},
		{
			"time": "Sat, 20 Apr 2013 13:22:45 GMT",
			"file": "/home/ismax/model.store/hosts/panel/controller/secure.js",
			"line": 145,
			"column": 7,
			"func": "exports.auth"
		},
		{
			"time": "Sat, 20 Apr 2013 13:22:45 GMT",
			"file": "/home/ismax/model.store/hosts/panel/model/secure.js",
			"line": 32,
			"column": 9,
			"func": "exports.getUserBySession"
		}
	]
}
{
	"message": "My error",
	"stack": [
		{
			"time": "Sat, 20 Apr 2013 13:31:09 GMT",
			"file": "/home/ismax/model.store/hosts/panel/controller/category.js",
			"line": 76,
			"column": 7,
			"func": "exports.remove"
		},
		{
			"time": "Sat, 20 Apr 2013 13:31:09 GMT",
			"file": "/home/ismax/model.store/server/router.js",
			"line": 106,
			"column": 23,
			"func": "next"
		},
		{
			"time": "Sat, 20 Apr 2013 13:31:09 GMT",
			"file": "/home/ismax/model.store/server/router.js",
			"line": 107,
			"column": 13,
			"func": "router.route.file.cache"
		},
		{
			"time": "Sat, 20 Apr 2013 13:31:09 GMT",
			"file": "/home/ismax/model.store/hosts/panel/controller/secure.js",
			"line": 145,
			"column": 7,
			"func": "exports.auth"
		},
		{
			"time": "Sat, 20 Apr 2013 13:31:09 GMT",
			"file": "/home/ismax/model.store/hosts/panel/model/secure.js",
			"line": 32,
			"column": 9,
			"func": "exports.getUserBySession"
		}
	]
}
{
	"message": "My error",
	"stack": [
		{
			"time": "Sat, 20 Apr 2013 13:40:01 GMT",
			"file": "/home/ismax/model.store/hosts/panel/controller/category.js",
			"line": 76,
			"column": 7,
			"func": "exports.remove"
		},
		{
			"time": "Sat, 20 Apr 2013 13:40:01 GMT",
			"file": "/home/ismax/model.store/server/router.js",
			"line": 106,
			"column": 23,
			"func": "next"
		},
		{
			"time": "Sat, 20 Apr 2013 13:40:01 GMT",
			"file": "/home/ismax/model.store/server/router.js",
			"line": 107,
			"column": 13,
			"func": "router.route.file.cache"
		},
		{
			"time": "Sat, 20 Apr 2013 13:40:01 GMT",
			"file": "/home/ismax/model.store/hosts/panel/controller/secure.js",
			"line": 145,
			"column": 7,
			"func": "exports.auth"
		},
		{
			"time": "Sat, 20 Apr 2013 13:40:01 GMT",
			"file": "/home/ismax/model.store/hosts/panel/model/secure.js",
			"line": 32,
			"column": 9,
			"func": "exports.getUserBySession"
		}
	]
}
{
	"message": "My error",
	"stack": [
		{
			"time": "Sat, 20 Apr 2013 13:47:29 GMT",
			"file": "/home/ismax/model.store/hosts/panel/controller/category.js",
			"line": 76,
			"column": 7,
			"func": "exports.remove"
		},
		{
			"time": "Sat, 20 Apr 2013 13:47:29 GMT",
			"file": "/home/ismax/model.store/server/router.js",
			"line": 106,
			"column": 23,
			"func": "next"
		},
		{
			"time": "Sat, 20 Apr 2013 13:47:29 GMT",
			"file": "/home/ismax/model.store/server/router.js",
			"line": 107,
			"column": 13,
			"func": "router.route.file.cache"
		},
		{
			"time": "Sat, 20 Apr 2013 13:47:29 GMT",
			"file": "/home/ismax/model.store/hosts/panel/controller/secure.js",
			"line": 145,
			"column": 7,
			"func": "exports.auth"
		},
		{
			"time": "Sat, 20 Apr 2013 13:47:29 GMT",
			"file": "/home/ismax/model.store/hosts/panel/model/secure.js",
			"line": 32,
			"column": 9,
			"func": "exports.getUserBySession"
		}
	]
}
{
	"message": "My error",
	"stack": [
		{
			"time": "Sat, 20 Apr 2013 14:49:52 GMT",
			"file": "/home/ismax/model.store/hosts/panel/controller/category.js",
			"line": 76,
			"column": 7,
			"func": "exports.remove"
		},
		{
			"time": "Sat, 20 Apr 2013 14:49:52 GMT",
			"file": "/home/ismax/model.store/server/router.js",
			"line": 106,
			"column": 23,
			"func": "next"
		},
		{
			"time": "Sat, 20 Apr 2013 14:49:52 GMT",
			"file": "/home/ismax/model.store/server/router.js",
			"line": 107,
			"column": 13,
			"func": "router.route.file.cache"
		},
		{
			"time": "Sat, 20 Apr 2013 14:49:52 GMT",
			"file": "/home/ismax/model.store/hosts/panel/controller/secure.js",
			"line": 145,
			"column": 7,
			"func": "exports.auth"
		},
		{
			"time": "Sat, 20 Apr 2013 14:49:52 GMT",
			"file": "/home/ismax/model.store/hosts/panel/model/secure.js",
			"line": 32,
			"column": 9,
			"func": "exports.getUserBySession"
		}
	]
}
{
	"message": "My error",
	"stack": [
		{
			"time": "Sat, 20 Apr 2013 14:58:50 GMT",
			"file": "/home/ismax/model.store/hosts/panel/controller/category.js",
			"line": 76,
			"column": 7,
			"func": "exports.remove"
		},
		{
			"time": "Sat, 20 Apr 2013 14:58:50 GMT",
			"file": "/home/ismax/model.store/server/router.js",
			"line": 106,
			"column": 23,
			"func": "next"
		},
		{
			"time": "Sat, 20 Apr 2013 14:58:50 GMT",
			"file": "/home/ismax/model.store/server/router.js",
			"line": 107,
			"column": 13,
			"func": "router.route.file.cache"
		},
		{
			"time": "Sat, 20 Apr 2013 14:58:50 GMT",
			"file": "/home/ismax/model.store/hosts/panel/controller/secure.js",
			"line": 145,
			"column": 7,
			"func": "exports.auth"
		},
		{
			"time": "Sat, 20 Apr 2013 14:58:50 GMT",
			"file": "/home/ismax/model.store/hosts/panel/model/secure.js",
			"line": 32,
			"column": 9,
			"func": "exports.getUserBySession"
		}
	]
}
{
	"message": "My error",
	"stack": [
		{
			"time": "Sat, 20 Apr 2013 15:00:14 GMT",
			"file": "/home/ismax/model.store/hosts/panel/controller/category.js",
			"line": 76,
			"column": 7,
			"func": "exports.remove"
		},
		{
			"time": "Sat, 20 Apr 2013 15:00:14 GMT",
			"file": "/home/ismax/model.store/server/router.js",
			"line": 106,
			"column": 23,
			"func": "next"
		},
		{
			"time": "Sat, 20 Apr 2013 15:00:14 GMT",
			"file": "/home/ismax/model.store/server/router.js",
			"line": 107,
			"column": 13,
			"func": "router.route.file.cache"
		},
		{
			"time": "Sat, 20 Apr 2013 15:00:14 GMT",
			"file": "/home/ismax/model.store/hosts/panel/controller/secure.js",
			"line": 145,
			"column": 7,
			"func": "exports.auth"
		},
		{
			"time": "Sat, 20 Apr 2013 15:00:14 GMT",
			"file": "/home/ismax/model.store/hosts/panel/model/secure.js",
			"line": 32,
			"column": 9,
			"func": "exports.getUserBySession"
		}
	]
}
{
	"message": "My error",
	"stack": [
		{
			"time": "Sat, 20 Apr 2013 15:04:51 GMT",
			"file": "/home/ismax/model.store/hosts/panel/controller/category.js",
			"line": 76,
			"column": 7,
			"func": "exports.remove"
		},
		{
			"time": "Sat, 20 Apr 2013 15:04:51 GMT",
			"file": "/home/ismax/model.store/server/router.js",
			"line": 106,
			"column": 23,
			"func": "next"
		},
		{
			"time": "Sat, 20 Apr 2013 15:04:51 GMT",
			"file": "/home/ismax/model.store/server/router.js",
			"line": 107,
			"column": 13,
			"func": "router.route.file.cache"
		},
		{
			"time": "Sat, 20 Apr 2013 15:04:51 GMT",
			"file": "/home/ismax/model.store/hosts/panel/controller/secure.js",
			"line": 145,
			"column": 7,
			"func": "exports.auth"
		},
		{
			"time": "Sat, 20 Apr 2013 15:04:51 GMT",
			"file": "/home/ismax/model.store/hosts/panel/model/secure.js",
			"line": 32,
			"column": 9,
			"func": "exports.getUserBySession"
		}
	]
}
{
	"message": "My error",
	"stack": [
		{
			"time": "Sat, 20 Apr 2013 15:08:40 GMT",
			"file": "/home/ismax/model.store/hosts/panel/controller/category.js",
			"line": 76,
			"column": 7,
			"func": "exports.remove"
		},
		{
			"time": "Sat, 20 Apr 2013 15:08:40 GMT",
			"file": "/home/ismax/model.store/server/router.js",
			"line": 106,
			"column": 23,
			"func": "next"
		},
		{
			"time": "Sat, 20 Apr 2013 15:08:40 GMT",
			"file": "/home/ismax/model.store/server/router.js",
			"line": 107,
			"column": 13,
			"func": "router.route.file.cache"
		},
		{
			"time": "Sat, 20 Apr 2013 15:08:40 GMT",
			"file": "/home/ismax/model.store/hosts/panel/controller/secure.js",
			"line": 145,
			"column": 7,
			"func": "exports.auth"
		},
		{
			"time": "Sat, 20 Apr 2013 15:08:40 GMT",
			"file": "/home/ismax/model.store/hosts/panel/model/secure.js",
			"line": 32,
			"column": 9,
			"func": "exports.getUserBySession"
		}
	]
}
{
	"message": "My error",
	"stack": [
		{
			"time": "Sat, 20 Apr 2013 15:14:11 GMT",
			"file": "/home/ismax/model.store/hosts/panel/controller/category.js",
			"line": 76,
			"column": 7,
			"func": "exports.remove"
		},
		{
			"time": "Sat, 20 Apr 2013 15:14:11 GMT",
			"file": "/home/ismax/model.store/server/router.js",
			"line": 106,
			"column": 23,
			"func": "next"
		},
		{
			"time": "Sat, 20 Apr 2013 15:14:11 GMT",
			"file": "/home/ismax/model.store/server/router.js",
			"line": 107,
			"column": 13,
			"func": "router.route.file.cache"
		},
		{
			"time": "Sat, 20 Apr 2013 15:14:11 GMT",
			"file": "/home/ismax/model.store/hosts/panel/controller/secure.js",
			"line": 145,
			"column": 7,
			"func": "exports.auth"
		},
		{
			"time": "Sat, 20 Apr 2013 15:14:11 GMT",
			"file": "/home/ismax/model.store/hosts/panel/model/secure.js",
			"line": 32,
			"column": 9,
			"func": "exports.getUserBySession"
		}
	]
}
{
	"message": "My error",
	"stack": [
		{
			"time": "Sat, 20 Apr 2013 15:15:36 GMT",
			"file": "/home/ismax/model.store/hosts/panel/controller/category.js",
			"line": 76,
			"column": 7,
			"func": "exports.remove"
		},
		{
			"time": "Sat, 20 Apr 2013 15:15:36 GMT",
			"file": "/home/ismax/model.store/server/router.js",
			"line": 106,
			"column": 23,
			"func": "next"
		},
		{
			"time": "Sat, 20 Apr 2013 15:15:36 GMT",
			"file": "/home/ismax/model.store/server/router.js",
			"line": 107,
			"column": 13,
			"func": "router.route.file.cache"
		},
		{
			"time": "Sat, 20 Apr 2013 15:15:36 GMT",
			"file": "/home/ismax/model.store/hosts/panel/controller/secure.js",
			"line": 145,
			"column": 7,
			"func": "exports.auth"
		},
		{
			"time": "Sat, 20 Apr 2013 15:15:36 GMT",
			"file": "/home/ismax/model.store/hosts/panel/model/secure.js",
			"line": 32,
			"column": 9,
			"func": "exports.getUserBySession"
		}
	]
}
{
	"message": "My error",
	"stack": [
		{
			"time": "Sat, 20 Apr 2013 15:38:41 GMT",
			"file": "/home/ismax/model.store/hosts/panel/controller/category.js",
			"line": 79,
			"column": 13,
			"func": "exports.remove.response.auth"
		},
		{
			"time": "Sat, 20 Apr 2013 15:38:41 GMT",
			"file": "/home/ismax/model.store/hosts/panel/model/category.js",
			"line": 114,
			"column": 9,
			"func": "exports.removeCategory"
		},
		{
			"time": "Sat, 20 Apr 2013 15:38:41 GMT",
			"file": "domain.js",
			"line": 201,
			"column": 18,
			"func": "Domain.bind.b"
		},
		{
			"time": "Sat, 20 Apr 2013 15:38:41 GMT",
			"file": "/home/ismax/model.store/node_modules/mongodb/lib/mongodb/collection.js",
			"line": 196,
			"column": 9,
			"func": null
		},
		{
			"time": "Sat, 20 Apr 2013 15:38:41 GMT",
			"file": "events.js",
			"line": 192,
			"column": 14,
			"func": "g"
		}
	]
}
{
	"message": "My error",
	"stack": [
		{
			"time": "Sat, 20 Apr 2013 15:44:37 GMT",
			"file": "/home/ismax/model.store/hosts/panel/controller/category.js",
			"line": 79,
			"column": 13,
			"func": "exports.remove.response.auth"
		},
		{
			"time": "Sat, 20 Apr 2013 15:44:37 GMT",
			"file": "/home/ismax/model.store/hosts/panel/model/category.js",
			"line": 114,
			"column": 9,
			"func": "exports.removeCategory"
		},
		{
			"time": "Sat, 20 Apr 2013 15:44:37 GMT",
			"file": "domain.js",
			"line": 201,
			"column": 18,
			"func": "Domain.bind.b"
		},
		{
			"time": "Sat, 20 Apr 2013 15:44:37 GMT",
			"file": "/home/ismax/model.store/node_modules/mongodb/lib/mongodb/collection.js",
			"line": 196,
			"column": 9,
			"func": null
		},
		{
			"time": "Sat, 20 Apr 2013 15:44:37 GMT",
			"file": "events.js",
			"line": 192,
			"column": 14,
			"func": "g"
		}
	]
}
{
	"message": "My error",
	"stack": [
		{
			"time": "Sat, 20 Apr 2013 15:48:47 GMT",
			"file": "/home/ismax/model.store/hosts/panel/controller/category.js",
			"line": 79,
			"column": 13,
			"func": "exports.remove.response.auth"
		},
		{
			"time": "Sat, 20 Apr 2013 15:48:47 GMT",
			"file": "/home/ismax/model.store/hosts/panel/model/category.js",
			"line": 114,
			"column": 9,
			"func": "exports.removeCategory"
		},
		{
			"time": "Sat, 20 Apr 2013 15:48:47 GMT",
			"file": "domain.js",
			"line": 201,
			"column": 18,
			"func": "Domain.bind.b"
		},
		{
			"time": "Sat, 20 Apr 2013 15:48:47 GMT",
			"file": "/home/ismax/model.store/node_modules/mongodb/lib/mongodb/collection.js",
			"line": 196,
			"column": 9,
			"func": null
		},
		{
			"time": "Sat, 20 Apr 2013 15:48:47 GMT",
			"file": "events.js",
			"line": 192,
			"column": 14,
			"func": "g"
		}
	]
}
{
	"message": "My error",
	"stack": [
		{
			"time": "Sat, 20 Apr 2013 15:50:38 GMT",
			"file": "/home/ismax/model.store/hosts/panel/controller/category.js",
			"line": 79,
			"column": 13,
			"func": "exports.remove.response.auth"
		},
		{
			"time": "Sat, 20 Apr 2013 15:50:38 GMT",
			"file": "/home/ismax/model.store/hosts/panel/model/category.js",
			"line": 114,
			"column": 9,
			"func": "exports.removeCategory"
		},
		{
			"time": "Sat, 20 Apr 2013 15:50:38 GMT",
			"file": "domain.js",
			"line": 201,
			"column": 18,
			"func": "Domain.bind.b"
		},
		{
			"time": "Sat, 20 Apr 2013 15:50:38 GMT",
			"file": "/home/ismax/model.store/node_modules/mongodb/lib/mongodb/collection.js",
			"line": 196,
			"column": 9,
			"func": null
		},
		{
			"time": "Sat, 20 Apr 2013 15:50:38 GMT",
			"file": "events.js",
			"line": 192,
			"column": 14,
			"func": "g"
		}
	]
}
{
	"message": "My error",
	"stack": [
		{
			"time": "Sat, 20 Apr 2013 15:53:39 GMT",
			"file": "/home/ismax/model.store/hosts/panel/controller/category.js",
			"line": 79,
			"column": 13,
			"func": "exports.remove.response.auth"
		},
		{
			"time": "Sat, 20 Apr 2013 15:53:39 GMT",
			"file": "/home/ismax/model.store/hosts/panel/model/category.js",
			"line": 114,
			"column": 9,
			"func": "exports.removeCategory"
		},
		{
			"time": "Sat, 20 Apr 2013 15:53:39 GMT",
			"file": "domain.js",
			"line": 201,
			"column": 18,
			"func": "Domain.bind.b"
		},
		{
			"time": "Sat, 20 Apr 2013 15:53:39 GMT",
			"file": "/home/ismax/model.store/node_modules/mongodb/lib/mongodb/collection.js",
			"line": 196,
			"column": 9,
			"func": null
		},
		{
			"time": "Sat, 20 Apr 2013 15:53:39 GMT",
			"file": "events.js",
			"line": 192,
			"column": 14,
			"func": "g"
		}
	]
}
{
	"message": "My error",
	"stack": [
		{
			"time": "Sat, 20 Apr 2013 17:12:47 GMT",
			"file": "/home/ismax/model.store/hosts/panel/controller/category.js",
			"line": 79,
			"column": 13,
			"func": "exports.remove.response.auth"
		},
		{
			"time": "Sat, 20 Apr 2013 17:12:47 GMT",
			"file": "/home/ismax/model.store/hosts/panel/model/category.js",
			"line": 114,
			"column": 9,
			"func": "exports.removeCategory"
		},
		{
			"time": "Sat, 20 Apr 2013 17:12:47 GMT",
			"file": "domain.js",
			"line": 201,
			"column": 18,
			"func": "Domain.bind.b"
		},
		{
			"time": "Sat, 20 Apr 2013 17:12:47 GMT",
			"file": "/home/ismax/model.store/node_modules/mongodb/lib/mongodb/collection.js",
			"line": 196,
			"column": 9,
			"func": null
		},
		{
			"time": "Sat, 20 Apr 2013 17:12:47 GMT",
			"file": "events.js",
			"line": 192,
			"column": 14,
			"func": "g"
		}
	]
}
{
	"message": "My error",
	"stack": [
		{
			"time": "Sat, 20 Apr 2013 17:16:47 GMT",
			"file": "/home/ismax/model.store/hosts/panel/controller/category.js",
			"line": 78,
			"column": 11,
			"func": "exports.remove"
		},
		{
			"time": "Sat, 20 Apr 2013 17:16:47 GMT",
			"file": "/home/ismax/model.store/server/router.js",
			"line": 106,
			"column": 23,
			"func": "next"
		},
		{
			"time": "Sat, 20 Apr 2013 17:16:47 GMT",
			"file": "/home/ismax/model.store/server/router.js",
			"line": 107,
			"column": 13,
			"func": "router.route.file.cache"
		},
		{
			"time": "Sat, 20 Apr 2013 17:16:47 GMT",
			"file": "/home/ismax/model.store/hosts/panel/controller/secure.js",
			"line": 145,
			"column": 7,
			"func": "exports.auth"
		},
		{
			"time": "Sat, 20 Apr 2013 17:16:47 GMT",
			"file": "/home/ismax/model.store/hosts/panel/model/secure.js",
			"line": 32,
			"column": 9,
			"func": "exports.getUserBySession"
		}
	]
}
{
	"message": "My error",
	"stack": [
		{
			"time": "Sat, 20 Apr 2013 17:19:49 GMT",
			"file": "/home/ismax/model.store/hosts/panel/controller/category.js",
			"line": 78,
			"column": 11,
			"func": "exports.remove"
		},
		{
			"time": "Sat, 20 Apr 2013 17:19:49 GMT",
			"file": "/home/ismax/model.store/server/router.js",
			"line": 106,
			"column": 23,
			"func": "next"
		},
		{
			"time": "Sat, 20 Apr 2013 17:19:49 GMT",
			"file": "/home/ismax/model.store/server/router.js",
			"line": 107,
			"column": 13,
			"func": "router.route.file.cache"
		},
		{
			"time": "Sat, 20 Apr 2013 17:19:49 GMT",
			"file": "/home/ismax/model.store/hosts/panel/controller/secure.js",
			"line": 145,
			"column": 7,
			"func": "exports.auth"
		},
		{
			"time": "Sat, 20 Apr 2013 17:19:49 GMT",
			"file": "/home/ismax/model.store/hosts/panel/model/secure.js",
			"line": 32,
			"column": 9,
			"func": "exports.getUserBySession"
		}
	]
}
{
	"message": "My error",
	"stack": [
		{
			"time": "Sat, 20 Apr 2013 17:22:04 GMT",
			"file": "/home/ismax/model.store/hosts/panel/controller/category.js",
			"line": 78,
			"column": 11,
			"func": "exports.remove"
		},
		{
			"time": "Sat, 20 Apr 2013 17:22:04 GMT",
			"file": "/home/ismax/model.store/server/router.js",
			"line": 106,
			"column": 23,
			"func": "next"
		},
		{
			"time": "Sat, 20 Apr 2013 17:22:04 GMT",
			"file": "/home/ismax/model.store/server/router.js",
			"line": 107,
			"column": 13,
			"func": "router.route.file.cache"
		},
		{
			"time": "Sat, 20 Apr 2013 17:22:04 GMT",
			"file": "/home/ismax/model.store/hosts/panel/controller/secure.js",
			"line": 145,
			"column": 7,
			"func": "exports.auth"
		},
		{
			"time": "Sat, 20 Apr 2013 17:22:04 GMT",
			"file": "/home/ismax/model.store/hosts/panel/model/secure.js",
			"line": 32,
			"column": 9,
			"func": "exports.getUserBySession"
		}
	]
}
{
	"message": "My error",
	"stack": [
		{
			"time": "Sat, 20 Apr 2013 17:27:07 GMT",
			"file": "/home/ismax/model.store/hosts/panel/controller/category.js",
			"line": 78,
			"column": 11,
			"func": "exports.remove"
		},
		{
			"time": "Sat, 20 Apr 2013 17:27:07 GMT",
			"file": "/home/ismax/model.store/server/router.js",
			"line": 106,
			"column": 23,
			"func": "next"
		},
		{
			"time": "Sat, 20 Apr 2013 17:27:07 GMT",
			"file": "/home/ismax/model.store/server/router.js",
			"line": 107,
			"column": 13,
			"func": "router.route.file.cache"
		},
		{
			"time": "Sat, 20 Apr 2013 17:27:07 GMT",
			"file": "/home/ismax/model.store/hosts/panel/controller/secure.js",
			"line": 145,
			"column": 7,
			"func": "exports.auth"
		},
		{
			"time": "Sat, 20 Apr 2013 17:27:07 GMT",
			"file": "/home/ismax/model.store/hosts/panel/model/secure.js",
			"line": 32,
			"column": 9,
			"func": "exports.getUserBySession"
		}
	]
}
{
	"message": "My error",
	"stack": [
		{
			"time": "Sat, 20 Apr 2013 17:35:44 GMT",
			"file": "/home/ismax/model.store/hosts/panel/controller/category.js",
			"line": 78,
			"column": 11,
			"func": "exports.remove"
		},
		{
			"time": "Sat, 20 Apr 2013 17:35:44 GMT",
			"file": "/home/ismax/model.store/server/router.js",
			"line": 106,
			"column": 23,
			"func": "next"
		},
		{
			"time": "Sat, 20 Apr 2013 17:35:44 GMT",
			"file": "/home/ismax/model.store/server/router.js",
			"line": 107,
			"column": 13,
			"func": "router.route.file.cache"
		},
		{
			"time": "Sat, 20 Apr 2013 17:35:44 GMT",
			"file": "/home/ismax/model.store/hosts/panel/controller/secure.js",
			"line": 145,
			"column": 7,
			"func": "exports.auth"
		},
		{
			"time": "Sat, 20 Apr 2013 17:35:44 GMT",
			"file": "/home/ismax/model.store/hosts/panel/model/secure.js",
			"line": 32,
			"column": 9,
			"func": "exports.getUserBySession"
		}
	]
}
{
	"message": "My error",
	"stack": [
		{
			"time": "Sat, 20 Apr 2013 18:12:19 GMT",
			"file": "/home/ismax/model.store/hosts/panel/controller/category.js",
			"line": 76,
			"column": 11,
			"func": "exports.remove"
		},
		{
			"time": "Sat, 20 Apr 2013 18:12:19 GMT",
			"file": "/home/ismax/model.store/server/router.js",
			"line": 106,
			"column": 23,
			"func": "next"
		},
		{
			"time": "Sat, 20 Apr 2013 18:12:19 GMT",
			"file": "/home/ismax/model.store/server/router.js",
			"line": 107,
			"column": 13,
			"func": "router.route.file.cache"
		},
		{
			"time": "Sat, 20 Apr 2013 18:12:19 GMT",
			"file": "/home/ismax/model.store/hosts/panel/controller/secure.js",
			"line": 145,
			"column": 7,
			"func": "exports.auth"
		},
		{
			"time": "Sat, 20 Apr 2013 18:12:19 GMT",
			"file": "/home/ismax/model.store/hosts/panel/model/secure.js",
			"line": 32,
			"column": 9,
			"func": "exports.getUserBySession"
		}
	]
}
{
	"message": "Cannot read property 'name' of undefined",
	"stack": [
		{
			"time": "Sat, 20 Apr 2013 18:13:26 GMT",
			"file": "/home/ismax/model.store/hosts/panel/model/category.js",
			"line": 70,
			"column": 21,
			"func": "exports.insertCategory"
		},
		{
			"time": "Sat, 20 Apr 2013 18:13:26 GMT",
			"file": "domain.js",
			"line": 201,
			"column": 18,
			"func": "Domain.bind.b"
		},
		{
			"time": "Sat, 20 Apr 2013 18:13:26 GMT",
			"file": "/home/ismax/model.store/node_modules/mongodb/lib/mongodb/collection.js",
			"line": 1010,
			"column": 5,
			"func": "Collection.findOne"
		},
		{
			"time": "Sat, 20 Apr 2013 18:13:26 GMT",
			"file": "/home/ismax/model.store/node_modules/mongodb/lib/mongodb/cursor.js",
			"line": 653,
			"column": 5,
			"func": "Cursor.nextObject"
		},
		{
			"time": "Sat, 20 Apr 2013 18:13:26 GMT",
			"file": "/home/ismax/model.store/node_modules/mongodb/lib/mongodb/cursor.js",
			"line": 635,
			"column": 14,
			"func": "Cursor.nextObject.commandHandler"
		}
	]
}
{
	"message": "My error",
	"stack": [
		{
			"time": "Sat, 20 Apr 2013 18:17:50 GMT",
			"file": "/home/ismax/model.store/hosts/panel/controller/category.js",
			"line": 76,
			"column": 11,
			"func": "exports.remove"
		},
		{
			"time": "Sat, 20 Apr 2013 18:17:50 GMT",
			"file": "/home/ismax/model.store/server/router.js",
			"line": 106,
			"column": 23,
			"func": "next"
		},
		{
			"time": "Sat, 20 Apr 2013 18:17:50 GMT",
			"file": "/home/ismax/model.store/server/router.js",
			"line": 107,
			"column": 13,
			"func": "router.route.file.cache"
		},
		{
			"time": "Sat, 20 Apr 2013 18:17:50 GMT",
			"file": "/home/ismax/model.store/hosts/panel/controller/secure.js",
			"line": 145,
			"column": 7,
			"func": "exports.auth"
		},
		{
			"time": "Sat, 20 Apr 2013 18:17:50 GMT",
			"file": "/home/ismax/model.store/hosts/panel/model/secure.js",
			"line": 32,
			"column": 9,
			"func": "exports.getUserBySession"
		}
	]
}
{
	"message": "collection is not defined",
	"stack": [
		{
			"time": "Sun, 21 Apr 2013 09:07:10 GMT",
			"file": "/home/ismax/model.store/hosts/panel/model/category.js",
			"line": 100,
			"column": 3,
			"func": "exports.updateCategory"
		},
		{
			"time": "Sun, 21 Apr 2013 09:07:10 GMT",
			"file": "/home/ismax/model.store/hosts/panel/controller/category.js",
			"line": 76,
			"column": 11,
			"func": "exports.update"
		},
		{
			"time": "Sun, 21 Apr 2013 09:07:10 GMT",
			"file": "/home/ismax/model.store/server/router.js",
			"line": 106,
			"column": 23,
			"func": "next"
		},
		{
			"time": "Sun, 21 Apr 2013 09:07:10 GMT",
			"file": "/home/ismax/model.store/server/router.js",
			"line": 107,
			"column": 13,
			"func": "router.route.file.cache"
		},
		{
			"time": "Sun, 21 Apr 2013 09:07:10 GMT",
			"file": "/home/ismax/model.store/hosts/panel/controller/secure.js",
			"line": 145,
			"column": 7,
			"func": "exports.auth"
		}
	]
}
{
	"message": "Unexpected token {",
	"stack": [
		{
			"time": "Sun, 21 Apr 2013 14:59:10 GMT",
			"file": "module.js",
			"line": 437,
			"column": 25,
			"func": "Module._compile"
		},
		{
			"time": "Sun, 21 Apr 2013 14:59:10 GMT",
			"file": "module.js",
			"line": 467,
			"column": 10,
			"func": "Module._extensions..js"
		},
		{
			"time": "Sun, 21 Apr 2013 14:59:10 GMT",
			"file": "module.js",
			"line": 356,
			"column": 32,
			"func": "Module.load"
		},
		{
			"time": "Sun, 21 Apr 2013 14:59:10 GMT",
			"file": "module.js",
			"line": 312,
			"column": 12,
			"func": "Module._load"
		},
		{
			"time": "Sun, 21 Apr 2013 14:59:10 GMT",
			"file": "module.js",
			"line": 362,
			"column": 17,
			"func": "Module.require"
		}
	]
}
{
	"message": "Object #<Object> has no method 'moveCategory'",
	"stack": [
		{
			"time": "Sun, 21 Apr 2013 15:00:24 GMT",
			"file": "/home/ismax/model.store/hosts/panel/controller/category.js",
			"line": 106,
			"column": 11,
			"func": "exports.move"
		},
		{
			"time": "Sun, 21 Apr 2013 15:00:24 GMT",
			"file": "/home/ismax/model.store/server/router.js",
			"line": 106,
			"column": 23,
			"func": "next"
		},
		{
			"time": "Sun, 21 Apr 2013 15:00:24 GMT",
			"file": "/home/ismax/model.store/server/router.js",
			"line": 107,
			"column": 13,
			"func": "router.route.file.cache"
		},
		{
			"time": "Sun, 21 Apr 2013 15:00:24 GMT",
			"file": "/home/ismax/model.store/hosts/panel/controller/secure.js",
			"line": 145,
			"column": 7,
			"func": "exports.auth"
		},
		{
			"time": "Sun, 21 Apr 2013 15:00:24 GMT",
			"file": "/home/ismax/model.store/hosts/panel/model/secure.js",
			"line": 32,
			"column": 9,
			"func": "exports.getUserBySession"
		}
	]
}
{
	"message": "Cannot call method 'findOne' of undefined",
	"stack": [
		{
			"time": "Sun, 21 Apr 2013 18:44:54 GMT",
			"file": "/home/ismax/model.store/hosts/panel/model/category.js",
			"line": 46,
			"column": 30,
			"func": "exports.getCategoryList"
		},
		{
			"time": "Sun, 21 Apr 2013 18:44:54 GMT",
			"file": "/home/ismax/model.store/hosts/panel/controller/category.js",
			"line": 26,
			"column": 9,
			"func": "exports.list"
		},
		{
			"time": "Sun, 21 Apr 2013 18:44:54 GMT",
			"file": "/home/ismax/model.store/server/router.js",
			"line": 106,
			"column": 23,
			"func": "next"
		},
		{
			"time": "Sun, 21 Apr 2013 18:44:54 GMT",
			"file": "/home/ismax/model.store/server/router.js",
			"line": 107,
			"column": 13,
			"func": "router.route.file.cache"
		},
		{
			"time": "Sun, 21 Apr 2013 18:44:54 GMT",
			"file": "/home/ismax/model.store/hosts/panel/controller/secure.js",
			"line": 145,
			"column": 7,
			"func": "exports.auth"
		}
	]
}
{
	"message": "Can't set headers after they are sent.",
	"stack": [
		{
			"time": "Sun, 21 Apr 2013 18:44:54 GMT",
			"file": "http.js",
			"line": 645,
			"column": 11,
			"func": "OutgoingMessage.setHeader"
		},
		{
			"time": "Sun, 21 Apr 2013 18:44:54 GMT",
			"file": "/home/ismax/model.store/hosts/panel/controller/category.js",
			"line": 34,
			"column": 11,
			"func": "exports.list"
		},
		{
			"time": "Sun, 21 Apr 2013 18:44:54 GMT",
			"file": "/home/ismax/model.store/hosts/panel/model/category.js",
			"line": 39,
			"column": 9,
			"func": "exports.getCategoryList.path"
		},
		{
			"time": "Sun, 21 Apr 2013 18:44:54 GMT",
			"file": "domain.js",
			"line": 201,
			"column": 18,
			"func": "Domain.bind.b"
		},
		{
			"time": "Sun, 21 Apr 2013 18:44:54 GMT",
			"file": "/home/ismax/model.store/node_modules/mongodb/lib/mongodb/cursor.js",
			"line": 159,
			"column": 16,
			"func": "Cursor.toArray"
		}
	]
}
{
	"message": "object is not a function",
	"stack": [
		{
			"time": "Sun, 21 Apr 2013 18:53:20 GMT",
			"file": "/home/ismax/model.store/node_modules/mongodb/lib/mongodb/collection.js",
			"line": 1010,
			"column": 5,
			"func": "Collection.findOne"
		},
		{
			"time": "Sun, 21 Apr 2013 18:53:20 GMT",
			"file": "/home/ismax/model.store/node_modules/mongodb/lib/mongodb/cursor.js",
			"line": 653,
			"column": 5,
			"func": "Cursor.nextObject"
		},
		{
			"time": "Sun, 21 Apr 2013 18:53:20 GMT",
			"file": "/home/ismax/model.store/node_modules/mongodb/lib/mongodb/cursor.js",
			"line": 635,
			"column": 14,
			"func": "Cursor.nextObject.commandHandler"
		},
		{
			"time": "Sun, 21 Apr 2013 18:53:20 GMT",
			"file": "/home/ismax/model.store/node_modules/mongodb/lib/mongodb/db.js",
			"line": 1709,
			"column": 18,
			"func": "Db._executeQueryCommand"
		},
		{
			"time": "Sun, 21 Apr 2013 18:53:20 GMT",
			"file": "events.js",
			"line": 192,
			"column": 14,
			"func": "g"
		}
	]
}
{
	"message": "object is not a function",
	"stack": [
		{
			"time": "Sun, 21 Apr 2013 18:53:22 GMT",
			"file": "/home/ismax/model.store/node_modules/mongodb/lib/mongodb/collection.js",
			"line": 1010,
			"column": 5,
			"func": "Collection.findOne"
		},
		{
			"time": "Sun, 21 Apr 2013 18:53:22 GMT",
			"file": "/home/ismax/model.store/node_modules/mongodb/lib/mongodb/cursor.js",
			"line": 653,
			"column": 5,
			"func": "Cursor.nextObject"
		},
		{
			"time": "Sun, 21 Apr 2013 18:53:22 GMT",
			"file": "/home/ismax/model.store/node_modules/mongodb/lib/mongodb/cursor.js",
			"line": 635,
			"column": 14,
			"func": "Cursor.nextObject.commandHandler"
		},
		{
			"time": "Sun, 21 Apr 2013 18:53:22 GMT",
			"file": "/home/ismax/model.store/node_modules/mongodb/lib/mongodb/db.js",
			"line": 1709,
			"column": 18,
			"func": "Db._executeQueryCommand"
		},
		{
			"time": "Sun, 21 Apr 2013 18:53:22 GMT",
			"file": "events.js",
			"line": 192,
			"column": 14,
			"func": "g"
		}
	]
}
{
	"message": "object is not a function",
	"stack": [
		{
			"time": "Sun, 21 Apr 2013 18:56:00 GMT",
			"file": "/home/ismax/model.store/node_modules/mongodb/lib/mongodb/collection.js",
			"line": 1010,
			"column": 5,
			"func": "Collection.findOne"
		},
		{
			"time": "Sun, 21 Apr 2013 18:56:00 GMT",
			"file": "/home/ismax/model.store/node_modules/mongodb/lib/mongodb/cursor.js",
			"line": 653,
			"column": 5,
			"func": "Cursor.nextObject"
		},
		{
			"time": "Sun, 21 Apr 2013 18:56:00 GMT",
			"file": "/home/ismax/model.store/node_modules/mongodb/lib/mongodb/cursor.js",
			"line": 635,
			"column": 14,
			"func": "Cursor.nextObject.commandHandler"
		},
		{
			"time": "Sun, 21 Apr 2013 18:56:00 GMT",
			"file": "/home/ismax/model.store/node_modules/mongodb/lib/mongodb/db.js",
			"line": 1709,
			"column": 18,
			"func": "Db._executeQueryCommand"
		},
		{
			"time": "Sun, 21 Apr 2013 18:56:00 GMT",
			"file": "events.js",
			"line": 192,
			"column": 14,
			"func": "g"
		}
	]
}
{
	"message": "Cannot read property 'parent' of null",
	"stack": [
		{
			"time": "Sun, 21 Apr 2013 19:19:21 GMT",
			"file": "/home/ismax/model.store/hosts/panel/model/category.js",
			"line": 75,
			"column": 29,
			"func": "exports.getCategoryList"
		},
		{
			"time": "Sun, 21 Apr 2013 19:19:21 GMT",
			"file": "domain.js",
			"line": 201,
			"column": 18,
			"func": "Domain.bind.b"
		},
		{
			"time": "Sun, 21 Apr 2013 19:19:21 GMT",
			"file": "/home/ismax/model.store/node_modules/mongodb/lib/mongodb/collection.js",
			"line": 1010,
			"column": 5,
			"func": "Collection.findOne"
		},
		{
			"time": "Sun, 21 Apr 2013 19:19:21 GMT",
			"file": "/home/ismax/model.store/node_modules/mongodb/lib/mongodb/cursor.js",
			"line": 658,
			"column": 35,
			"func": "Cursor.nextObject"
		},
		{
			"time": "Sun, 21 Apr 2013 19:19:21 GMT",
			"file": "/home/ismax/model.store/node_modules/mongodb/lib/mongodb/cursor.js",
			"line": 939,
			"column": 5,
			"func": "Cursor.close"
		}
	]
}
{
	"message": "Cannot read property 'name' of null",
	"stack": [
		{
			"time": "Sun, 21 Apr 2013 19:19:50 GMT",
			"file": "/home/ismax/model.store/hosts/panel/model/category.js",
			"line": 65,
			"column": 29,
			"func": "exports.getCategoryList"
		},
		{
			"time": "Sun, 21 Apr 2013 19:19:50 GMT",
			"file": "domain.js",
			"line": 201,
			"column": 18,
			"func": "Domain.bind.b"
		},
		{
			"time": "Sun, 21 Apr 2013 19:19:50 GMT",
			"file": "/home/ismax/model.store/node_modules/mongodb/lib/mongodb/collection.js",
			"line": 1010,
			"column": 5,
			"func": "Collection.findOne"
		},
		{
			"time": "Sun, 21 Apr 2013 19:19:50 GMT",
			"file": "/home/ismax/model.store/node_modules/mongodb/lib/mongodb/cursor.js",
			"line": 658,
			"column": 35,
			"func": "Cursor.nextObject"
		},
		{
			"time": "Sun, 21 Apr 2013 19:19:50 GMT",
			"file": "/home/ismax/model.store/node_modules/mongodb/lib/mongodb/cursor.js",
			"line": 939,
			"column": 5,
			"func": "Cursor.close"
		}
	]
}
{
	"message": "Cannot read property 'name' of null",
	"stack": [
		{
			"time": "Sun, 21 Apr 2013 19:20:00 GMT",
			"file": "/home/ismax/model.store/hosts/panel/model/category.js",
			"line": 65,
			"column": 29,
			"func": "exports.getCategoryList"
		},
		{
			"time": "Sun, 21 Apr 2013 19:20:00 GMT",
			"file": "domain.js",
			"line": 201,
			"column": 18,
			"func": "Domain.bind.b"
		},
		{
			"time": "Sun, 21 Apr 2013 19:20:00 GMT",
			"file": "/home/ismax/model.store/node_modules/mongodb/lib/mongodb/collection.js",
			"line": 1010,
			"column": 5,
			"func": "Collection.findOne"
		},
		{
			"time": "Sun, 21 Apr 2013 19:20:00 GMT",
			"file": "/home/ismax/model.store/node_modules/mongodb/lib/mongodb/cursor.js",
			"line": 658,
			"column": 35,
			"func": "Cursor.nextObject"
		},
		{
			"time": "Sun, 21 Apr 2013 19:20:00 GMT",
			"file": "/home/ismax/model.store/node_modules/mongodb/lib/mongodb/cursor.js",
			"line": 939,
			"column": 5,
			"func": "Cursor.close"
		}
	]
}
{
	"message": "Cannot read property 'name' of null",
	"stack": [
		{
			"time": "Sun, 21 Apr 2013 19:20:08 GMT",
			"file": "/home/ismax/model.store/hosts/panel/model/category.js",
			"line": 65,
			"column": 29,
			"func": "exports.getCategoryList"
		},
		{
			"time": "Sun, 21 Apr 2013 19:20:08 GMT",
			"file": "domain.js",
			"line": 201,
			"column": 18,
			"func": "Domain.bind.b"
		},
		{
			"time": "Sun, 21 Apr 2013 19:20:08 GMT",
			"file": "/home/ismax/model.store/node_modules/mongodb/lib/mongodb/collection.js",
			"line": 1010,
			"column": 5,
			"func": "Collection.findOne"
		},
		{
			"time": "Sun, 21 Apr 2013 19:20:08 GMT",
			"file": "/home/ismax/model.store/node_modules/mongodb/lib/mongodb/cursor.js",
			"line": 658,
			"column": 35,
			"func": "Cursor.nextObject"
		},
		{
			"time": "Sun, 21 Apr 2013 19:20:08 GMT",
			"file": "/home/ismax/model.store/node_modules/mongodb/lib/mongodb/cursor.js",
			"line": 939,
			"column": 5,
			"func": "Cursor.close"
		}
	]
}
{
	"message": "Cannot read property 'parent' of null",
	"stack": [
		{
			"time": "Sun, 21 Apr 2013 19:22:21 GMT",
			"file": "/home/ismax/model.store/hosts/panel/model/category.js",
			"line": 76,
			"column": 18,
			"func": "exports.getCategoryList"
		},
		{
			"time": "Sun, 21 Apr 2013 19:22:21 GMT",
			"file": "domain.js",
			"line": 201,
			"column": 18,
			"func": "Domain.bind.b"
		},
		{
			"time": "Sun, 21 Apr 2013 19:22:21 GMT",
			"file": "/home/ismax/model.store/node_modules/mongodb/lib/mongodb/collection.js",
			"line": 1010,
			"column": 5,
			"func": "Collection.findOne"
		},
		{
			"time": "Sun, 21 Apr 2013 19:22:21 GMT",
			"file": "/home/ismax/model.store/node_modules/mongodb/lib/mongodb/cursor.js",
			"line": 658,
			"column": 35,
			"func": "Cursor.nextObject"
		},
		{
			"time": "Sun, 21 Apr 2013 19:22:21 GMT",
			"file": "/home/ismax/model.store/node_modules/mongodb/lib/mongodb/cursor.js",
			"line": 939,
			"column": 5,
			"func": "Cursor.close"
		}
	]
}
{
	"message": "Cannot read property 'name' of null",
	"stack": [
		{
			"time": "Sun, 21 Apr 2013 19:22:54 GMT",
			"file": "/home/ismax/model.store/hosts/panel/model/category.js",
			"line": 66,
			"column": 29,
			"func": "exports.getCategoryList"
		},
		{
			"time": "Sun, 21 Apr 2013 19:22:54 GMT",
			"file": "domain.js",
			"line": 201,
			"column": 18,
			"func": "Domain.bind.b"
		},
		{
			"time": "Sun, 21 Apr 2013 19:22:54 GMT",
			"file": "/home/ismax/model.store/node_modules/mongodb/lib/mongodb/collection.js",
			"line": 1010,
			"column": 5,
			"func": "Collection.findOne"
		},
		{
			"time": "Sun, 21 Apr 2013 19:22:54 GMT",
			"file": "/home/ismax/model.store/node_modules/mongodb/lib/mongodb/cursor.js",
			"line": 658,
			"column": 35,
			"func": "Cursor.nextObject"
		},
		{
			"time": "Sun, 21 Apr 2013 19:22:54 GMT",
			"file": "/home/ismax/model.store/node_modules/mongodb/lib/mongodb/cursor.js",
			"line": 939,
			"column": 5,
			"func": "Cursor.close"
		}
	]
}
{
	"message": "Cannot read property 'name' of null",
	"stack": [
		{
			"time": "Sun, 21 Apr 2013 19:23:38 GMT",
			"file": "/home/ismax/model.store/hosts/panel/model/category.js",
			"line": 66,
			"column": 29,
			"func": "exports.getCategoryList"
		},
		{
			"time": "Sun, 21 Apr 2013 19:23:38 GMT",
			"file": "domain.js",
			"line": 201,
			"column": 18,
			"func": "Domain.bind.b"
		},
		{
			"time": "Sun, 21 Apr 2013 19:23:38 GMT",
			"file": "/home/ismax/model.store/node_modules/mongodb/lib/mongodb/collection.js",
			"line": 1010,
			"column": 5,
			"func": "Collection.findOne"
		},
		{
			"time": "Sun, 21 Apr 2013 19:23:38 GMT",
			"file": "/home/ismax/model.store/node_modules/mongodb/lib/mongodb/cursor.js",
			"line": 658,
			"column": 35,
			"func": "Cursor.nextObject"
		},
		{
			"time": "Sun, 21 Apr 2013 19:23:38 GMT",
			"file": "/home/ismax/model.store/node_modules/mongodb/lib/mongodb/cursor.js",
			"line": 939,
			"column": 5,
			"func": "Cursor.close"
		}
	]
}
{
	"message": "Cannot read property 'name' of null",
	"stack": [
		{
			"time": "Sun, 21 Apr 2013 19:24:33 GMT",
			"file": "/home/ismax/model.store/hosts/panel/model/category.js",
			"line": 66,
			"column": 29,
			"func": "exports.getCategoryList"
		},
		{
			"time": "Sun, 21 Apr 2013 19:24:33 GMT",
			"file": "domain.js",
			"line": 201,
			"column": 18,
			"func": "Domain.bind.b"
		},
		{
			"time": "Sun, 21 Apr 2013 19:24:33 GMT",
			"file": "/home/ismax/model.store/node_modules/mongodb/lib/mongodb/collection.js",
			"line": 1010,
			"column": 5,
			"func": "Collection.findOne"
		},
		{
			"time": "Sun, 21 Apr 2013 19:24:33 GMT",
			"file": "/home/ismax/model.store/node_modules/mongodb/lib/mongodb/cursor.js",
			"line": 658,
			"column": 35,
			"func": "Cursor.nextObject"
		},
		{
			"time": "Sun, 21 Apr 2013 19:24:33 GMT",
			"file": "/home/ismax/model.store/node_modules/mongodb/lib/mongodb/cursor.js",
			"line": 939,
			"column": 5,
			"func": "Cursor.close"
		}
	]
}
{
	"message": "Cannot read property 'name' of null",
	"stack": [
		{
			"time": "Sun, 21 Apr 2013 19:25:13 GMT",
			"file": "/home/ismax/model.store/hosts/panel/model/category.js",
			"line": 66,
			"column": 29,
			"func": "exports.getCategoryList"
		},
		{
			"time": "Sun, 21 Apr 2013 19:25:13 GMT",
			"file": "domain.js",
			"line": 201,
			"column": 18,
			"func": "Domain.bind.b"
		},
		{
			"time": "Sun, 21 Apr 2013 19:25:13 GMT",
			"file": "/home/ismax/model.store/node_modules/mongodb/lib/mongodb/collection.js",
			"line": 1010,
			"column": 5,
			"func": "Collection.findOne"
		},
		{
			"time": "Sun, 21 Apr 2013 19:25:13 GMT",
			"file": "/home/ismax/model.store/node_modules/mongodb/lib/mongodb/cursor.js",
			"line": 658,
			"column": 35,
			"func": "Cursor.nextObject"
		},
		{
			"time": "Sun, 21 Apr 2013 19:25:13 GMT",
			"file": "/home/ismax/model.store/node_modules/mongodb/lib/mongodb/cursor.js",
			"line": 939,
			"column": 5,
			"func": "Cursor.close"
		}
	]
}
{
	"message": "Unexpected token :",
	"stack": [
		{
			"time": "Mon, 22 Apr 2013 13:50:48 GMT",
			"file": "module.js",
			"line": 437,
			"column": 25,
			"func": "Module._compile"
		},
		{
			"time": "Mon, 22 Apr 2013 13:50:48 GMT",
			"file": "module.js",
			"line": 467,
			"column": 10,
			"func": "Module._extensions..js"
		},
		{
			"time": "Mon, 22 Apr 2013 13:50:48 GMT",
			"file": "module.js",
			"line": 356,
			"column": 32,
			"func": "Module.load"
		},
		{
			"time": "Mon, 22 Apr 2013 13:50:48 GMT",
			"file": "module.js",
			"line": 312,
			"column": 12,
			"func": "Module._load"
		},
		{
			"time": "Mon, 22 Apr 2013 13:50:48 GMT",
			"file": "module.js",
			"line": 362,
			"column": 17,
			"func": "Module.require"
		}
	]
}
{
	"message": "Object 5175367166ed7f83ea33df51,51754094d6f60a9020000002 has no method 'puch'",
	"stack": [
		{
			"time": "Mon, 22 Apr 2013 13:53:21 GMT",
			"file": "/home/ismax/model.store/hosts/panel/model/category.js",
			"line": 173,
			"column": 47,
			"func": "exports.moveCategory"
		},
		{
			"time": "Mon, 22 Apr 2013 13:53:21 GMT",
			"file": "domain.js",
			"line": 201,
			"column": 18,
			"func": "Domain.bind.b"
		},
		{
			"time": "Mon, 22 Apr 2013 13:53:21 GMT",
			"file": "/home/ismax/model.store/node_modules/mongodb/lib/mongodb/cursor.js",
			"line": 653,
			"column": 5,
			"func": "Cursor.nextObject"
		},
		{
			"time": "Mon, 22 Apr 2013 13:53:21 GMT",
			"file": "/home/ismax/model.store/node_modules/mongodb/lib/mongodb/cursor.js",
			"line": 635,
			"column": 14,
			"func": "Cursor.nextObject.commandHandler"
		},
		{
			"time": "Mon, 22 Apr 2013 13:53:21 GMT",
			"file": "/home/ismax/model.store/node_modules/mongodb/lib/mongodb/db.js",
			"line": 1709,
			"column": 18,
			"func": "Db._executeQueryCommand"
		}
	]
}
{
	"message": "Object 5175367166ed7f83ea33df51,51754495e32d72c920000002 has no method 'puch'",
	"stack": [
		{
			"time": "Mon, 22 Apr 2013 14:10:02 GMT",
			"file": "/home/ismax/model.store/hosts/panel/model/category.js",
			"line": 172,
			"column": 59,
			"func": "exports.moveCategory"
		},
		{
			"time": "Mon, 22 Apr 2013 14:10:02 GMT",
			"file": "domain.js",
			"line": 201,
			"column": 18,
			"func": "Domain.bind.b"
		},
		{
			"time": "Mon, 22 Apr 2013 14:10:02 GMT",
			"file": "/home/ismax/model.store/node_modules/mongodb/lib/mongodb/cursor.js",
			"line": 653,
			"column": 5,
			"func": "Cursor.nextObject"
		},
		{
			"time": "Mon, 22 Apr 2013 14:10:02 GMT",
			"file": "/home/ismax/model.store/node_modules/mongodb/lib/mongodb/cursor.js",
			"line": 635,
			"column": 14,
			"func": "Cursor.nextObject.commandHandler"
		},
		{
			"time": "Mon, 22 Apr 2013 14:10:02 GMT",
			"file": "/home/ismax/model.store/node_modules/mongodb/lib/mongodb/db.js",
			"line": 1709,
			"column": 18,
			"func": "Db._executeQueryCommand"
		}
	]
}
{
	"message": "_ancestors is not defined",
	"stack": [
		{
			"time": "Mon, 22 Apr 2013 14:18:07 GMT",
			"file": "/home/ismax/model.store/hosts/panel/model/category.js",
			"line": 174,
			"column": 97,
			"func": "exports.moveCategory"
		},
		{
			"time": "Mon, 22 Apr 2013 14:18:07 GMT",
			"file": "domain.js",
			"line": 201,
			"column": 18,
			"func": "Domain.bind.b"
		},
		{
			"time": "Mon, 22 Apr 2013 14:18:07 GMT",
			"file": "/home/ismax/model.store/node_modules/mongodb/lib/mongodb/cursor.js",
			"line": 653,
			"column": 5,
			"func": "Cursor.nextObject"
		},
		{
			"time": "Mon, 22 Apr 2013 14:18:07 GMT",
			"file": "/home/ismax/model.store/node_modules/mongodb/lib/mongodb/cursor.js",
			"line": 635,
			"column": 14,
			"func": "Cursor.nextObject.commandHandler"
		},
		{
			"time": "Mon, 22 Apr 2013 14:18:07 GMT",
			"file": "/home/ismax/model.store/node_modules/mongodb/lib/mongodb/db.js",
			"line": 1709,
			"column": 18,
			"func": "Db._executeQueryCommand"
		}
	]
}
{
	"message": "_ancestors is not defined",
	"stack": [
		{
			"time": "Mon, 22 Apr 2013 14:20:26 GMT",
			"file": "/home/ismax/model.store/hosts/panel/model/category.js",
			"line": 174,
			"column": 97,
			"func": "exports.moveCategory"
		},
		{
			"time": "Mon, 22 Apr 2013 14:20:26 GMT",
			"file": "domain.js",
			"line": 201,
			"column": 18,
			"func": "Domain.bind.b"
		},
		{
			"time": "Mon, 22 Apr 2013 14:20:26 GMT",
			"file": "/home/ismax/model.store/node_modules/mongodb/lib/mongodb/cursor.js",
			"line": 653,
			"column": 5,
			"func": "Cursor.nextObject"
		},
		{
			"time": "Mon, 22 Apr 2013 14:20:26 GMT",
			"file": "/home/ismax/model.store/node_modules/mongodb/lib/mongodb/cursor.js",
			"line": 635,
			"column": 14,
			"func": "Cursor.nextObject.commandHandler"
		},
		{
			"time": "Mon, 22 Apr 2013 14:20:26 GMT",
			"file": "/home/ismax/model.store/node_modules/mongodb/lib/mongodb/db.js",
			"line": 1709,
			"column": 18,
			"func": "Db._executeQueryCommand"
		}
	]
}
{
	"message": "Object 5175367166ed7f83ea33df51,5175448fe32d72c920000001 has no method 'puch'",
	"stack": [
		{
			"time": "Mon, 22 Apr 2013 14:28:31 GMT",
			"file": "/home/ismax/model.store/hosts/panel/model/category.js",
			"line": 173,
			"column": 45,
			"func": "exports.moveCategory"
		},
		{
			"time": "Mon, 22 Apr 2013 14:28:31 GMT",
			"file": "domain.js",
			"line": 201,
			"column": 18,
			"func": "Domain.bind.b"
		},
		{
			"time": "Mon, 22 Apr 2013 14:28:31 GMT",
			"file": "/home/ismax/model.store/node_modules/mongodb/lib/mongodb/cursor.js",
			"line": 653,
			"column": 5,
			"func": "Cursor.nextObject"
		},
		{
			"time": "Mon, 22 Apr 2013 14:28:31 GMT",
			"file": "/home/ismax/model.store/node_modules/mongodb/lib/mongodb/cursor.js",
			"line": 635,
			"column": 14,
			"func": "Cursor.nextObject.commandHandler"
		},
		{
			"time": "Mon, 22 Apr 2013 14:28:31 GMT",
			"file": "/home/ismax/model.store/node_modules/mongodb/lib/mongodb/db.js",
			"line": 1709,
			"column": 18,
			"func": "Db._executeQueryCommand"
		}
	]
}
{
	"message": "Object 5175367166ed7f83ea33df51,5175448fe32d72c920000001 has no method 'puch'",
	"stack": [
		{
			"time": "Mon, 22 Apr 2013 14:34:04 GMT",
			"file": "/home/ismax/model.store/hosts/panel/model/category.js",
			"line": 173,
			"column": 45,
			"func": "exports.moveCategory"
		},
		{
			"time": "Mon, 22 Apr 2013 14:34:04 GMT",
			"file": "domain.js",
			"line": 201,
			"column": 18,
			"func": "Domain.bind.b"
		},
		{
			"time": "Mon, 22 Apr 2013 14:34:04 GMT",
			"file": "/home/ismax/model.store/node_modules/mongodb/lib/mongodb/cursor.js",
			"line": 653,
			"column": 5,
			"func": "Cursor.nextObject"
		},
		{
			"time": "Mon, 22 Apr 2013 14:34:04 GMT",
			"file": "/home/ismax/model.store/node_modules/mongodb/lib/mongodb/cursor.js",
			"line": 635,
			"column": 14,
			"func": "Cursor.nextObject.commandHandler"
		},
		{
			"time": "Mon, 22 Apr 2013 14:34:04 GMT",
			"file": "/home/ismax/model.store/node_modules/mongodb/lib/mongodb/db.js",
			"line": 1709,
			"column": 18,
			"func": "Db._executeQueryCommand"
		}
	]
}
{
	"message": "Object 5175367166ed7f83ea33df51,51754495e32d72c920000002 has no method 'puch'",
	"stack": [
		{
			"time": "Mon, 22 Apr 2013 14:34:59 GMT",
			"file": "/home/ismax/model.store/hosts/panel/model/category.js",
			"line": 172,
			"column": 50,
			"func": "exports.moveCategory"
		},
		{
			"time": "Mon, 22 Apr 2013 14:34:59 GMT",
			"file": "domain.js",
			"line": 201,
			"column": 18,
			"func": "Domain.bind.b"
		},
		{
			"time": "Mon, 22 Apr 2013 14:34:59 GMT",
			"file": "/home/ismax/model.store/node_modules/mongodb/lib/mongodb/cursor.js",
			"line": 653,
			"column": 5,
			"func": "Cursor.nextObject"
		},
		{
			"time": "Mon, 22 Apr 2013 14:34:59 GMT",
			"file": "/home/ismax/model.store/node_modules/mongodb/lib/mongodb/cursor.js",
			"line": 635,
			"column": 14,
			"func": "Cursor.nextObject.commandHandler"
		},
		{
			"time": "Mon, 22 Apr 2013 14:34:59 GMT",
			"file": "/home/ismax/model.store/node_modules/mongodb/lib/mongodb/db.js",
			"line": 1709,
			"column": 18,
			"func": "Db._executeQueryCommand"
		}
	]
}
{
	"message": "_ancestors is not defined",
	"stack": [
		{
			"time": "Mon, 22 Apr 2013 14:43:43 GMT",
			"file": "/home/ismax/model.store/hosts/panel/model/category.js",
			"line": 174,
			"column": 97,
			"func": "exports.moveCategory"
		},
		{
			"time": "Mon, 22 Apr 2013 14:43:43 GMT",
			"file": "domain.js",
			"line": 201,
			"column": 18,
			"func": "Domain.bind.b"
		},
		{
			"time": "Mon, 22 Apr 2013 14:43:43 GMT",
			"file": "/home/ismax/model.store/node_modules/mongodb/lib/mongodb/cursor.js",
			"line": 653,
			"column": 5,
			"func": "Cursor.nextObject"
		},
		{
			"time": "Mon, 22 Apr 2013 14:43:43 GMT",
			"file": "/home/ismax/model.store/node_modules/mongodb/lib/mongodb/cursor.js",
			"line": 635,
			"column": 14,
			"func": "Cursor.nextObject.commandHandler"
		},
		{
			"time": "Mon, 22 Apr 2013 14:43:43 GMT",
			"file": "/home/ismax/model.store/node_modules/mongodb/lib/mongodb/db.js",
			"line": 1709,
			"column": 18,
			"func": "Db._executeQueryCommand"
		}
	]
}
